2015/11/26 09:48:13 [error] [exception.CHttpException.404] exception 'CHttpException' with message 'Unable to resolve the request "gii".' in /home/max/www/logunovasv/framework/web/CWebApplication.php:286
Stack trace:
#0 /home/max/www/logunovasv/framework/web/CWebApplication.php(141): CWebApplication->runController('gii')
#1 /home/max/www/logunovasv/framework/base/CApplication.php(184): CWebApplication->processRequest()
#2 /home/max/www/logunovasv/index.php(13): CApplication->run()
#3 {main}
REQUEST_URI=/index.php?r=gii
---
2015/11/26 10:52:09 [error] [exception.CException] exception 'CException' with message 'Property "CWebUser.username" is not defined.' in /home/max/www/logunovasv/framework/base/CComponent.php:130
Stack trace:
#0 /home/max/www/logunovasv/framework/web/auth/CWebUser.php(146): CComponent->__get('username')
#1 /home/max/www/logunovasv/protected/views/layouts/main.php(39): CWebUser->__get('username')
#2 /home/max/www/logunovasv/framework/web/CBaseController.php(126): require('/home/max/www/l...')
#3 /home/max/www/logunovasv/framework/web/CBaseController.php(95): CBaseController->renderInternal('/home/max/www/l...', Array, true)
#4 /home/max/www/logunovasv/framework/web/widgets/CContentDecorator.php(76): CBaseController->renderFile('/home/max/www/l...', Array, true)
#5 /home/max/www/logunovasv/framework/web/widgets/CContentDecorator.php(54): CContentDecorator->decorate('<div class="spa...')
#6 /home/max/www/logunovasv/framework/web/widgets/COutputProcessor.php(44): CContentDecorator->processOutput('<div class="spa...')
#7 /home/max/www/logunovasv/framework/web/CBaseController.php(214): COutputProcessor->run()
#8 /home/max/www/logunovasv/framework/web/CBaseController.php(308): CBaseController->endWidget('CContentDecorat...')
#9 /home/max/www/logunovasv/protected/views/layouts/column2.php(22): CBaseController->endContent()
#10 /home/max/www/logunovasv/framework/web/CBaseController.php(126): require('/home/max/www/l...')
#11 /home/max/www/logunovasv/framework/web/CBaseController.php(95): CBaseController->renderInternal('/home/max/www/l...', Array, true)
#12 /home/max/www/logunovasv/framework/web/CController.php(784): CBaseController->renderFile('/home/max/www/l...', Array, true)
#13 /home/max/www/logunovasv/protected/controllers/UserController.php(136): CController->render('index', Array)
#14 /home/max/www/logunovasv/framework/web/actions/CInlineAction.php(49): UserController->actionIndex()
#15 /home/max/www/logunovasv/framework/web/CController.php(308): CInlineAction->runWithParams(Array)
#16 /home/max/www/logunovasv/framework/web/filters/CFilterChain.php(133): CController->runAction(Object(CInlineAction))
#17 /home/max/www/logunovasv/framework/web/filters/CFilter.php(40): CFilterChain->run()
#18 /home/max/www/logunovasv/framework/web/CController.php(1145): CFilter->filter(Object(CFilterChain))
#19 /home/max/www/logunovasv/framework/web/filters/CInlineFilter.php(58): CController->filterAccessControl(Object(CFilterChain))
#20 /home/max/www/logunovasv/framework/web/filters/CFilterChain.php(130): CInlineFilter->filter(Object(CFilterChain))
#21 /home/max/www/logunovasv/framework/web/CController.php(291): CFilterChain->run()
#22 /home/max/www/logunovasv/framework/web/CController.php(265): CController->runActionWithFilters(Object(CInlineAction), Array)
#23 /home/max/www/logunovasv/framework/web/CWebApplication.php(282): CController->run('')
#24 /home/max/www/logunovasv/framework/web/CWebApplication.php(141): CWebApplication->runController('user')
#25 /home/max/www/logunovasv/framework/base/CApplication.php(184): CWebApplication->processRequest()
#26 /home/max/www/logunovasv/index.php(13): CApplication->run()
#27 {main}
REQUEST_URI=/index.php?r=user
---
2015/11/26 10:53:57 [error] [exception.CException] exception 'CException' with message 'Property "CWebUser.username" is not defined.' in /home/max/www/logunovasv/framework/base/CComponent.php:130
Stack trace:
#0 /home/max/www/logunovasv/framework/web/auth/CWebUser.php(146): CComponent->__get('username')
#1 /home/max/www/logunovasv/protected/views/layouts/main.php(39): CWebUser->__get('username')
#2 /home/max/www/logunovasv/framework/web/CBaseController.php(126): require('/home/max/www/l...')
#3 /home/max/www/logunovasv/framework/web/CBaseController.php(95): CBaseController->renderInternal('/home/max/www/l...', Array, true)
#4 /home/max/www/logunovasv/framework/web/widgets/CContentDecorator.php(76): CBaseController->renderFile('/home/max/www/l...', Array, true)
#5 /home/max/www/logunovasv/framework/web/widgets/CContentDecorator.php(54): CContentDecorator->decorate('<div class="spa...')
#6 /home/max/www/logunovasv/framework/web/widgets/COutputProcessor.php(44): CContentDecorator->processOutput('<div class="spa...')
#7 /home/max/www/logunovasv/framework/web/CBaseController.php(214): COutputProcessor->run()
#8 /home/max/www/logunovasv/framework/web/CBaseController.php(308): CBaseController->endWidget('CContentDecorat...')
#9 /home/max/www/logunovasv/protected/views/layouts/column2.php(22): CBaseController->endContent()
#10 /home/max/www/logunovasv/framework/web/CBaseController.php(126): require('/home/max/www/l...')
#11 /home/max/www/logunovasv/framework/web/CBaseController.php(95): CBaseController->renderInternal('/home/max/www/l...', Array, true)
#12 /home/max/www/logunovasv/framework/web/CController.php(784): CBaseController->renderFile('/home/max/www/l...', Array, true)
#13 /home/max/www/logunovasv/protected/controllers/UserController.php(56): CController->render('view', Array)
#14 [internal function]: UserController->actionView('1')
#15 /home/max/www/logunovasv/framework/web/actions/CAction.php(109): ReflectionMethod->invokeArgs(Object(UserController), Array)
#16 /home/max/www/logunovasv/framework/web/actions/CInlineAction.php(47): CAction->runWithParamsInternal(Object(UserController), Object(ReflectionMethod), Array)
#17 /home/max/www/logunovasv/framework/web/CController.php(308): CInlineAction->runWithParams(Array)
#18 /home/max/www/logunovasv/framework/web/filters/CFilterChain.php(133): CController->runAction(Object(CInlineAction))
#19 /home/max/www/logunovasv/framework/web/filters/CFilter.php(40): CFilterChain->run()
#20 /home/max/www/logunovasv/framework/web/CController.php(1145): CFilter->filter(Object(CFilterChain))
#21 /home/max/www/logunovasv/framework/web/filters/CInlineFilter.php(58): CController->filterAccessControl(Object(CFilterChain))
#22 /home/max/www/logunovasv/framework/web/filters/CFilterChain.php(130): CInlineFilter->filter(Object(CFilterChain))
#23 /home/max/www/logunovasv/framework/web/CController.php(291): CFilterChain->run()
#24 /home/max/www/logunovasv/framework/web/CController.php(265): CController->runActionWithFilters(Object(CInlineAction), Array)
#25 /home/max/www/logunovasv/framework/web/CWebApplication.php(282): CController->run('view')
#26 /home/max/www/logunovasv/framework/web/CWebApplication.php(141): CWebApplication->runController('user/view')
#27 /home/max/www/logunovasv/framework/base/CApplication.php(184): CWebApplication->processRequest()
#28 /home/max/www/logunovasv/index.php(13): CApplication->run()
#29 {main}
REQUEST_URI=/index.php?r=user/view&id=1
HTTP_REFERER=http://logunovasv/index.php?r=user
---
2015/11/26 10:54:15 [error] [exception.CException] exception 'CException' with message 'Property "CWebUser._id" is not defined.' in /home/max/www/logunovasv/framework/base/CComponent.php:130
Stack trace:
#0 /home/max/www/logunovasv/framework/web/auth/CWebUser.php(146): CComponent->__get('_id')
#1 /home/max/www/logunovasv/protected/views/layouts/main.php(39): CWebUser->__get('_id')
#2 /home/max/www/logunovasv/framework/web/CBaseController.php(126): require('/home/max/www/l...')
#3 /home/max/www/logunovasv/framework/web/CBaseController.php(95): CBaseController->renderInternal('/home/max/www/l...', Array, true)
#4 /home/max/www/logunovasv/framework/web/widgets/CContentDecorator.php(76): CBaseController->renderFile('/home/max/www/l...', Array, true)
#5 /home/max/www/logunovasv/framework/web/widgets/CContentDecorator.php(54): CContentDecorator->decorate('<div class="spa...')
#6 /home/max/www/logunovasv/framework/web/widgets/COutputProcessor.php(44): CContentDecorator->processOutput('<div class="spa...')
#7 /home/max/www/logunovasv/framework/web/CBaseController.php(214): COutputProcessor->run()
#8 /home/max/www/logunovasv/framework/web/CBaseController.php(308): CBaseController->endWidget('CContentDecorat...')
#9 /home/max/www/logunovasv/protected/views/layouts/column2.php(22): CBaseController->endContent()
#10 /home/max/www/logunovasv/framework/web/CBaseController.php(126): require('/home/max/www/l...')
#11 /home/max/www/logunovasv/framework/web/CBaseController.php(95): CBaseController->renderInternal('/home/max/www/l...', Array, true)
#12 /home/max/www/logunovasv/framework/web/CController.php(784): CBaseController->renderFile('/home/max/www/l...', Array, true)
#13 /home/max/www/logunovasv/protected/controllers/UserController.php(56): CController->render('view', Array)
#14 [internal function]: UserController->actionView('1')
#15 /home/max/www/logunovasv/framework/web/actions/CAction.php(109): ReflectionMethod->invokeArgs(Object(UserController), Array)
#16 /home/max/www/logunovasv/framework/web/actions/CInlineAction.php(47): CAction->runWithParamsInternal(Object(UserController), Object(ReflectionMethod), Array)
#17 /home/max/www/logunovasv/framework/web/CController.php(308): CInlineAction->runWithParams(Array)
#18 /home/max/www/logunovasv/framework/web/filters/CFilterChain.php(133): CController->runAction(Object(CInlineAction))
#19 /home/max/www/logunovasv/framework/web/filters/CFilter.php(40): CFilterChain->run()
#20 /home/max/www/logunovasv/framework/web/CController.php(1145): CFilter->filter(Object(CFilterChain))
#21 /home/max/www/logunovasv/framework/web/filters/CInlineFilter.php(58): CController->filterAccessControl(Object(CFilterChain))
#22 /home/max/www/logunovasv/framework/web/filters/CFilterChain.php(130): CInlineFilter->filter(Object(CFilterChain))
#23 /home/max/www/logunovasv/framework/web/CController.php(291): CFilterChain->run()
#24 /home/max/www/logunovasv/framework/web/CController.php(265): CController->runActionWithFilters(Object(CInlineAction), Array)
#25 /home/max/www/logunovasv/framework/web/CWebApplication.php(282): CController->run('view')
#26 /home/max/www/logunovasv/framework/web/CWebApplication.php(141): CWebApplication->runController('user/view')
#27 /home/max/www/logunovasv/framework/base/CApplication.php(184): CWebApplication->processRequest()
#28 /home/max/www/logunovasv/index.php(13): CApplication->run()
#29 {main}
REQUEST_URI=/index.php?r=user/view&id=1
HTTP_REFERER=http://logunovasv/index.php?r=user
---
2015/11/26 10:54:25 [error] [exception.CHttpException.404] exception 'CHttpException' with message 'The requested page does not exist.' in /home/max/www/logunovasv/protected/controllers/UserController.php:165
Stack trace:
#0 /home/max/www/logunovasv/protected/controllers/UserController.php(55): UserController->loadModel('admin')
#1 [internal function]: UserController->actionView('admin')
#2 /home/max/www/logunovasv/framework/web/actions/CAction.php(109): ReflectionMethod->invokeArgs(Object(UserController), Array)
#3 /home/max/www/logunovasv/framework/web/actions/CInlineAction.php(47): CAction->runWithParamsInternal(Object(UserController), Object(ReflectionMethod), Array)
#4 /home/max/www/logunovasv/framework/web/CController.php(308): CInlineAction->runWithParams(Array)
#5 /home/max/www/logunovasv/framework/web/filters/CFilterChain.php(133): CController->runAction(Object(CInlineAction))
#6 /home/max/www/logunovasv/framework/web/filters/CFilter.php(40): CFilterChain->run()
#7 /home/max/www/logunovasv/framework/web/CController.php(1145): CFilter->filter(Object(CFilterChain))
#8 /home/max/www/logunovasv/framework/web/filters/CInlineFilter.php(58): CController->filterAccessControl(Object(CFilterChain))
#9 /home/max/www/logunovasv/framework/web/filters/CFilterChain.php(130): CInlineFilter->filter(Object(CFilterChain))
#10 /home/max/www/logunovasv/framework/web/CController.php(291): CFilterChain->run()
#11 /home/max/www/logunovasv/framework/web/CController.php(265): CController->runActionWithFilters(Object(CInlineAction), Array)
#12 /home/max/www/logunovasv/framework/web/CWebApplication.php(282): CController->run('view')
#13 /home/max/www/logunovasv/framework/web/CWebApplication.php(141): CWebApplication->runController('user/view')
#14 /home/max/www/logunovasv/framework/base/CApplication.php(184): CWebApplication->processRequest()
#15 /home/max/www/logunovasv/index.php(13): CApplication->run()
#16 {main}
REQUEST_URI=/index.php?r=user/view&id=admin
HTTP_REFERER=http://logunovasv/index.php?r=user/view&id=1
---
2015/11/26 10:55:55 [error] [exception.CHttpException.404] exception 'CHttpException' with message 'The requested page does not exist.' in /home/max/www/logunovasv/protected/controllers/UserController.php:165
Stack trace:
#0 /home/max/www/logunovasv/protected/controllers/UserController.php(55): UserController->loadModel('admin')
#1 [internal function]: UserController->actionView('admin')
#2 /home/max/www/logunovasv/framework/web/actions/CAction.php(109): ReflectionMethod->invokeArgs(Object(UserController), Array)
#3 /home/max/www/logunovasv/framework/web/actions/CInlineAction.php(47): CAction->runWithParamsInternal(Object(UserController), Object(ReflectionMethod), Array)
#4 /home/max/www/logunovasv/framework/web/CController.php(308): CInlineAction->runWithParams(Array)
#5 /home/max/www/logunovasv/framework/web/filters/CFilterChain.php(133): CController->runAction(Object(CInlineAction))
#6 /home/max/www/logunovasv/framework/web/filters/CFilter.php(40): CFilterChain->run()
#7 /home/max/www/logunovasv/framework/web/CController.php(1145): CFilter->filter(Object(CFilterChain))
#8 /home/max/www/logunovasv/framework/web/filters/CInlineFilter.php(58): CController->filterAccessControl(Object(CFilterChain))
#9 /home/max/www/logunovasv/framework/web/filters/CFilterChain.php(130): CInlineFilter->filter(Object(CFilterChain))
#10 /home/max/www/logunovasv/framework/web/CController.php(291): CFilterChain->run()
#11 /home/max/www/logunovasv/framework/web/CController.php(265): CController->runActionWithFilters(Object(CInlineAction), Array)
#12 /home/max/www/logunovasv/framework/web/CWebApplication.php(282): CController->run('view')
#13 /home/max/www/logunovasv/framework/web/CWebApplication.php(141): CWebApplication->runController('user/view')
#14 /home/max/www/logunovasv/framework/base/CApplication.php(184): CWebApplication->processRequest()
#15 /home/max/www/logunovasv/index.php(13): CApplication->run()
#16 {main}
REQUEST_URI=/index.php?r=user/view&id=admin
HTTP_REFERER=http://logunovasv/index.php?r=site/page&view=about
---
2015/11/26 10:56:09 [error] [exception.CHttpException.404] exception 'CHttpException' with message 'The requested page does not exist.' in /home/max/www/logunovasv/protected/controllers/UserController.php:165
Stack trace:
#0 /home/max/www/logunovasv/protected/controllers/UserController.php(55): UserController->loadModel('admin')
#1 [internal function]: UserController->actionView('admin')
#2 /home/max/www/logunovasv/framework/web/actions/CAction.php(109): ReflectionMethod->invokeArgs(Object(UserController), Array)
#3 /home/max/www/logunovasv/framework/web/actions/CInlineAction.php(47): CAction->runWithParamsInternal(Object(UserController), Object(ReflectionMethod), Array)
#4 /home/max/www/logunovasv/framework/web/CController.php(308): CInlineAction->runWithParams(Array)
#5 /home/max/www/logunovasv/framework/web/filters/CFilterChain.php(133): CController->runAction(Object(CInlineAction))
#6 /home/max/www/logunovasv/framework/web/filters/CFilter.php(40): CFilterChain->run()
#7 /home/max/www/logunovasv/framework/web/CController.php(1145): CFilter->filter(Object(CFilterChain))
#8 /home/max/www/logunovasv/framework/web/filters/CInlineFilter.php(58): CController->filterAccessControl(Object(CFilterChain))
#9 /home/max/www/logunovasv/framework/web/filters/CFilterChain.php(130): CInlineFilter->filter(Object(CFilterChain))
#10 /home/max/www/logunovasv/framework/web/CController.php(291): CFilterChain->run()
#11 /home/max/www/logunovasv/framework/web/CController.php(265): CController->runActionWithFilters(Object(CInlineAction), Array)
#12 /home/max/www/logunovasv/framework/web/CWebApplication.php(282): CController->run('view')
#13 /home/max/www/logunovasv/framework/web/CWebApplication.php(141): CWebApplication->runController('user/view')
#14 /home/max/www/logunovasv/framework/base/CApplication.php(184): CWebApplication->processRequest()
#15 /home/max/www/logunovasv/index.php(13): CApplication->run()
#16 {main}
REQUEST_URI=/index.php?r=user/view&id=admin
HTTP_REFERER=http://logunovasv/index.php?r=site/page&view=about
---
2015/11/26 10:56:10 [error] [exception.CHttpException.404] exception 'CHttpException' with message 'The requested page does not exist.' in /home/max/www/logunovasv/protected/controllers/UserController.php:165
Stack trace:
#0 /home/max/www/logunovasv/protected/controllers/UserController.php(55): UserController->loadModel('f0d9b01d')
#1 [internal function]: UserController->actionView('f0d9b01d')
#2 /home/max/www/logunovasv/framework/web/actions/CAction.php(109): ReflectionMethod->invokeArgs(Object(UserController), Array)
#3 /home/max/www/logunovasv/framework/web/actions/CInlineAction.php(47): CAction->runWithParamsInternal(Object(UserController), Object(ReflectionMethod), Array)
#4 /home/max/www/logunovasv/framework/web/CController.php(308): CInlineAction->runWithParams(Array)
#5 /home/max/www/logunovasv/framework/web/filters/CFilterChain.php(133): CController->runAction(Object(CInlineAction))
#6 /home/max/www/logunovasv/framework/web/filters/CFilter.php(40): CFilterChain->run()
#7 /home/max/www/logunovasv/framework/web/CController.php(1145): CFilter->filter(Object(CFilterChain))
#8 /home/max/www/logunovasv/framework/web/filters/CInlineFilter.php(58): CController->filterAccessControl(Object(CFilterChain))
#9 /home/max/www/logunovasv/framework/web/filters/CFilterChain.php(130): CInlineFilter->filter(Object(CFilterChain))
#10 /home/max/www/logunovasv/framework/web/CController.php(291): CFilterChain->run()
#11 /home/max/www/logunovasv/framework/web/CController.php(265): CController->runActionWithFilters(Object(CInlineAction), Array)
#12 /home/max/www/logunovasv/framework/web/CWebApplication.php(282): CController->run('view')
#13 /home/max/www/logunovasv/framework/web/CWebApplication.php(141): CWebApplication->runController('user/view')
#14 /home/max/www/logunovasv/framework/base/CApplication.php(184): CWebApplication->processRequest()
#15 /home/max/www/logunovasv/index.php(13): CApplication->run()
#16 {main}
REQUEST_URI=/index.php?r=user/view&id=f0d9b01d
HTTP_REFERER=http://logunovasv/index.php?r=user/view&id=admin
---
2015/11/26 10:57:39 [error] [exception.CHttpException.404] exception 'CHttpException' with message 'The requested page does not exist.' in /home/max/www/logunovasv/protected/controllers/UserController.php:165
Stack trace:
#0 /home/max/www/logunovasv/protected/controllers/UserController.php(55): UserController->loadModel('f0d9b01d')
#1 [internal function]: UserController->actionView('f0d9b01d')
#2 /home/max/www/logunovasv/framework/web/actions/CAction.php(109): ReflectionMethod->invokeArgs(Object(UserController), Array)
#3 /home/max/www/logunovasv/framework/web/actions/CInlineAction.php(47): CAction->runWithParamsInternal(Object(UserController), Object(ReflectionMethod), Array)
#4 /home/max/www/logunovasv/framework/web/CController.php(308): CInlineAction->runWithParams(Array)
#5 /home/max/www/logunovasv/framework/web/filters/CFilterChain.php(133): CController->runAction(Object(CInlineAction))
#6 /home/max/www/logunovasv/framework/web/filters/CFilter.php(40): CFilterChain->run()
#7 /home/max/www/logunovasv/framework/web/CController.php(1145): CFilter->filter(Object(CFilterChain))
#8 /home/max/www/logunovasv/framework/web/filters/CInlineFilter.php(58): CController->filterAccessControl(Object(CFilterChain))
#9 /home/max/www/logunovasv/framework/web/filters/CFilterChain.php(130): CInlineFilter->filter(Object(CFilterChain))
#10 /home/max/www/logunovasv/framework/web/CController.php(291): CFilterChain->run()
#11 /home/max/www/logunovasv/framework/web/CController.php(265): CController->runActionWithFilters(Object(CInlineAction), Array)
#12 /home/max/www/logunovasv/framework/web/CWebApplication.php(282): CController->run('view')
#13 /home/max/www/logunovasv/framework/web/CWebApplication.php(141): CWebApplication->runController('user/view')
#14 /home/max/www/logunovasv/framework/base/CApplication.php(184): CWebApplication->processRequest()
#15 /home/max/www/logunovasv/index.php(13): CApplication->run()
#16 {main}
REQUEST_URI=/index.php?r=user/view&id=f0d9b01d
HTTP_REFERER=http://logunovasv/index.php?r=user/view&id=admin
---
2015/11/26 10:57:57 [error] [exception.CHttpException.404] exception 'CHttpException' with message 'The requested page does not exist.' in /home/max/www/logunovasv/protected/controllers/UserController.php:165
Stack trace:
#0 /home/max/www/logunovasv/protected/controllers/UserController.php(55): UserController->loadModel('f0d9b01d')
#1 [internal function]: UserController->actionView('f0d9b01d')
#2 /home/max/www/logunovasv/framework/web/actions/CAction.php(109): ReflectionMethod->invokeArgs(Object(UserController), Array)
#3 /home/max/www/logunovasv/framework/web/actions/CInlineAction.php(47): CAction->runWithParamsInternal(Object(UserController), Object(ReflectionMethod), Array)
#4 /home/max/www/logunovasv/framework/web/CController.php(308): CInlineAction->runWithParams(Array)
#5 /home/max/www/logunovasv/framework/web/filters/CFilterChain.php(133): CController->runAction(Object(CInlineAction))
#6 /home/max/www/logunovasv/framework/web/filters/CFilter.php(40): CFilterChain->run()
#7 /home/max/www/logunovasv/framework/web/CController.php(1145): CFilter->filter(Object(CFilterChain))
#8 /home/max/www/logunovasv/framework/web/filters/CInlineFilter.php(58): CController->filterAccessControl(Object(CFilterChain))
#9 /home/max/www/logunovasv/framework/web/filters/CFilterChain.php(130): CInlineFilter->filter(Object(CFilterChain))
#10 /home/max/www/logunovasv/framework/web/CController.php(291): CFilterChain->run()
#11 /home/max/www/logunovasv/framework/web/CController.php(265): CController->runActionWithFilters(Object(CInlineAction), Array)
#12 /home/max/www/logunovasv/framework/web/CWebApplication.php(282): CController->run('view')
#13 /home/max/www/logunovasv/framework/web/CWebApplication.php(141): CWebApplication->runController('user/view')
#14 /home/max/www/logunovasv/framework/base/CApplication.php(184): CWebApplication->processRequest()
#15 /home/max/www/logunovasv/index.php(13): CApplication->run()
#16 {main}
REQUEST_URI=/index.php?r=user/view&id=f0d9b01d
HTTP_REFERER=http://logunovasv/index.php?r=user/view&id=admin
---
2015/11/26 10:58:00 [error] [exception.CHttpException.404] exception 'CHttpException' with message 'The requested page does not exist.' in /home/max/www/logunovasv/protected/controllers/UserController.php:165
Stack trace:
#0 /home/max/www/logunovasv/protected/controllers/UserController.php(55): UserController->loadModel('admin')
#1 [internal function]: UserController->actionView('admin')
#2 /home/max/www/logunovasv/framework/web/actions/CAction.php(109): ReflectionMethod->invokeArgs(Object(UserController), Array)
#3 /home/max/www/logunovasv/framework/web/actions/CInlineAction.php(47): CAction->runWithParamsInternal(Object(UserController), Object(ReflectionMethod), Array)
#4 /home/max/www/logunovasv/framework/web/CController.php(308): CInlineAction->runWithParams(Array)
#5 /home/max/www/logunovasv/framework/web/filters/CFilterChain.php(133): CController->runAction(Object(CInlineAction))
#6 /home/max/www/logunovasv/framework/web/filters/CFilter.php(40): CFilterChain->run()
#7 /home/max/www/logunovasv/framework/web/CController.php(1145): CFilter->filter(Object(CFilterChain))
#8 /home/max/www/logunovasv/framework/web/filters/CInlineFilter.php(58): CController->filterAccessControl(Object(CFilterChain))
#9 /home/max/www/logunovasv/framework/web/filters/CFilterChain.php(130): CInlineFilter->filter(Object(CFilterChain))
#10 /home/max/www/logunovasv/framework/web/CController.php(291): CFilterChain->run()
#11 /home/max/www/logunovasv/framework/web/CController.php(265): CController->runActionWithFilters(Object(CInlineAction), Array)
#12 /home/max/www/logunovasv/framework/web/CWebApplication.php(282): CController->run('view')
#13 /home/max/www/logunovasv/framework/web/CWebApplication.php(141): CWebApplication->runController('user/view')
#14 /home/max/www/logunovasv/framework/base/CApplication.php(184): CWebApplication->processRequest()
#15 /home/max/www/logunovasv/index.php(13): CApplication->run()
#16 {main}
REQUEST_URI=/index.php?r=user/view&id=admin
HTTP_REFERER=http://logunovasv/index.php?r=user/view&id=f0d9b01d
---
2015/11/26 10:58:01 [error] [exception.CHttpException.404] exception 'CHttpException' with message 'The requested page does not exist.' in /home/max/www/logunovasv/protected/controllers/UserController.php:165
Stack trace:
#0 /home/max/www/logunovasv/protected/controllers/UserController.php(55): UserController->loadModel('admin')
#1 [internal function]: UserController->actionView('admin')
#2 /home/max/www/logunovasv/framework/web/actions/CAction.php(109): ReflectionMethod->invokeArgs(Object(UserController), Array)
#3 /home/max/www/logunovasv/framework/web/actions/CInlineAction.php(47): CAction->runWithParamsInternal(Object(UserController), Object(ReflectionMethod), Array)
#4 /home/max/www/logunovasv/framework/web/CController.php(308): CInlineAction->runWithParams(Array)
#5 /home/max/www/logunovasv/framework/web/filters/CFilterChain.php(133): CController->runAction(Object(CInlineAction))
#6 /home/max/www/logunovasv/framework/web/filters/CFilter.php(40): CFilterChain->run()
#7 /home/max/www/logunovasv/framework/web/CController.php(1145): CFilter->filter(Object(CFilterChain))
#8 /home/max/www/logunovasv/framework/web/filters/CInlineFilter.php(58): CController->filterAccessControl(Object(CFilterChain))
#9 /home/max/www/logunovasv/framework/web/filters/CFilterChain.php(130): CInlineFilter->filter(Object(CFilterChain))
#10 /home/max/www/logunovasv/framework/web/CController.php(291): CFilterChain->run()
#11 /home/max/www/logunovasv/framework/web/CController.php(265): CController->runActionWithFilters(Object(CInlineAction), Array)
#12 /home/max/www/logunovasv/framework/web/CWebApplication.php(282): CController->run('view')
#13 /home/max/www/logunovasv/framework/web/CWebApplication.php(141): CWebApplication->runController('user/view')
#14 /home/max/www/logunovasv/framework/base/CApplication.php(184): CWebApplication->processRequest()
#15 /home/max/www/logunovasv/index.php(13): CApplication->run()
#16 {main}
REQUEST_URI=/index.php?r=user/view&id=admin
HTTP_REFERER=http://logunovasv/index.php?r=user/view&id=admin
---
2015/11/26 10:58:31 [error] [exception.CHttpException.404] exception 'CHttpException' with message 'The requested page does not exist.' in /home/max/www/logunovasv/protected/controllers/UserController.php:165
Stack trace:
#0 /home/max/www/logunovasv/protected/controllers/UserController.php(55): UserController->loadModel('admin')
#1 [internal function]: UserController->actionView('admin')
#2 /home/max/www/logunovasv/framework/web/actions/CAction.php(109): ReflectionMethod->invokeArgs(Object(UserController), Array)
#3 /home/max/www/logunovasv/framework/web/actions/CInlineAction.php(47): CAction->runWithParamsInternal(Object(UserController), Object(ReflectionMethod), Array)
#4 /home/max/www/logunovasv/framework/web/CController.php(308): CInlineAction->runWithParams(Array)
#5 /home/max/www/logunovasv/framework/web/filters/CFilterChain.php(133): CController->runAction(Object(CInlineAction))
#6 /home/max/www/logunovasv/framework/web/filters/CFilter.php(40): CFilterChain->run()
#7 /home/max/www/logunovasv/framework/web/CController.php(1145): CFilter->filter(Object(CFilterChain))
#8 /home/max/www/logunovasv/framework/web/filters/CInlineFilter.php(58): CController->filterAccessControl(Object(CFilterChain))
#9 /home/max/www/logunovasv/framework/web/filters/CFilterChain.php(130): CInlineFilter->filter(Object(CFilterChain))
#10 /home/max/www/logunovasv/framework/web/CController.php(291): CFilterChain->run()
#11 /home/max/www/logunovasv/framework/web/CController.php(265): CController->runActionWithFilters(Object(CInlineAction), Array)
#12 /home/max/www/logunovasv/framework/web/CWebApplication.php(282): CController->run('view')
#13 /home/max/www/logunovasv/framework/web/CWebApplication.php(141): CWebApplication->runController('user/view')
#14 /home/max/www/logunovasv/framework/base/CApplication.php(184): CWebApplication->processRequest()
#15 /home/max/www/logunovasv/index.php(13): CApplication->run()
#16 {main}
REQUEST_URI=/index.php?r=user/view&id=admin
HTTP_REFERER=http://logunovasv/index.php?r=user/view&id=admin
---
2015/11/26 11:00:06 [error] [exception.CHttpException.404] exception 'CHttpException' with message 'The requested page does not exist.' in /home/max/www/logunovasv/protected/controllers/UserController.php:165
Stack trace:
#0 /home/max/www/logunovasv/protected/controllers/UserController.php(55): UserController->loadModel('admin')
#1 [internal function]: UserController->actionView('admin')
#2 /home/max/www/logunovasv/framework/web/actions/CAction.php(109): ReflectionMethod->invokeArgs(Object(UserController), Array)
#3 /home/max/www/logunovasv/framework/web/actions/CInlineAction.php(47): CAction->runWithParamsInternal(Object(UserController), Object(ReflectionMethod), Array)
#4 /home/max/www/logunovasv/framework/web/CController.php(308): CInlineAction->runWithParams(Array)
#5 /home/max/www/logunovasv/framework/web/filters/CFilterChain.php(133): CController->runAction(Object(CInlineAction))
#6 /home/max/www/logunovasv/framework/web/filters/CFilter.php(40): CFilterChain->run()
#7 /home/max/www/logunovasv/framework/web/CController.php(1145): CFilter->filter(Object(CFilterChain))
#8 /home/max/www/logunovasv/framework/web/filters/CInlineFilter.php(58): CController->filterAccessControl(Object(CFilterChain))
#9 /home/max/www/logunovasv/framework/web/filters/CFilterChain.php(130): CInlineFilter->filter(Object(CFilterChain))
#10 /home/max/www/logunovasv/framework/web/CController.php(291): CFilterChain->run()
#11 /home/max/www/logunovasv/framework/web/CController.php(265): CController->runActionWithFilters(Object(CInlineAction), Array)
#12 /home/max/www/logunovasv/framework/web/CWebApplication.php(282): CController->run('view')
#13 /home/max/www/logunovasv/framework/web/CWebApplication.php(141): CWebApplication->runController('user/view')
#14 /home/max/www/logunovasv/framework/base/CApplication.php(184): CWebApplication->processRequest()
#15 /home/max/www/logunovasv/index.php(13): CApplication->run()
#16 {main}
REQUEST_URI=/index.php?r=user/view&id=admin
HTTP_REFERER=http://logunovasv/index.php?r=user/view&id=admin
---
2015/11/26 11:00:09 [error] [exception.CHttpException.404] exception 'CHttpException' with message 'The requested page does not exist.' in /home/max/www/logunovasv/protected/controllers/UserController.php:165
Stack trace:
#0 /home/max/www/logunovasv/protected/controllers/UserController.php(55): UserController->loadModel('admin')
#1 [internal function]: UserController->actionView('admin')
#2 /home/max/www/logunovasv/framework/web/actions/CAction.php(109): ReflectionMethod->invokeArgs(Object(UserController), Array)
#3 /home/max/www/logunovasv/framework/web/actions/CInlineAction.php(47): CAction->runWithParamsInternal(Object(UserController), Object(ReflectionMethod), Array)
#4 /home/max/www/logunovasv/framework/web/CController.php(308): CInlineAction->runWithParams(Array)
#5 /home/max/www/logunovasv/framework/web/filters/CFilterChain.php(133): CController->runAction(Object(CInlineAction))
#6 /home/max/www/logunovasv/framework/web/filters/CFilter.php(40): CFilterChain->run()
#7 /home/max/www/logunovasv/framework/web/CController.php(1145): CFilter->filter(Object(CFilterChain))
#8 /home/max/www/logunovasv/framework/web/filters/CInlineFilter.php(58): CController->filterAccessControl(Object(CFilterChain))
#9 /home/max/www/logunovasv/framework/web/filters/CFilterChain.php(130): CInlineFilter->filter(Object(CFilterChain))
#10 /home/max/www/logunovasv/framework/web/CController.php(291): CFilterChain->run()
#11 /home/max/www/logunovasv/framework/web/CController.php(265): CController->runActionWithFilters(Object(CInlineAction), Array)
#12 /home/max/www/logunovasv/framework/web/CWebApplication.php(282): CController->run('view')
#13 /home/max/www/logunovasv/framework/web/CWebApplication.php(141): CWebApplication->runController('user/view')
#14 /home/max/www/logunovasv/framework/base/CApplication.php(184): CWebApplication->processRequest()
#15 /home/max/www/logunovasv/index.php(13): CApplication->run()
#16 {main}
REQUEST_URI=/index.php?r=user/view&id=admin
HTTP_REFERER=http://logunovasv/index.php?r=user/view&id=admin
---
2015/11/26 11:00:10 [error] [exception.CHttpException.404] exception 'CHttpException' with message 'The requested page does not exist.' in /home/max/www/logunovasv/protected/controllers/UserController.php:165
Stack trace:
#0 /home/max/www/logunovasv/protected/controllers/UserController.php(55): UserController->loadModel('admin')
#1 [internal function]: UserController->actionView('admin')
#2 /home/max/www/logunovasv/framework/web/actions/CAction.php(109): ReflectionMethod->invokeArgs(Object(UserController), Array)
#3 /home/max/www/logunovasv/framework/web/actions/CInlineAction.php(47): CAction->runWithParamsInternal(Object(UserController), Object(ReflectionMethod), Array)
#4 /home/max/www/logunovasv/framework/web/CController.php(308): CInlineAction->runWithParams(Array)
#5 /home/max/www/logunovasv/framework/web/filters/CFilterChain.php(133): CController->runAction(Object(CInlineAction))
#6 /home/max/www/logunovasv/framework/web/filters/CFilter.php(40): CFilterChain->run()
#7 /home/max/www/logunovasv/framework/web/CController.php(1145): CFilter->filter(Object(CFilterChain))
#8 /home/max/www/logunovasv/framework/web/filters/CInlineFilter.php(58): CController->filterAccessControl(Object(CFilterChain))
#9 /home/max/www/logunovasv/framework/web/filters/CFilterChain.php(130): CInlineFilter->filter(Object(CFilterChain))
#10 /home/max/www/logunovasv/framework/web/CController.php(291): CFilterChain->run()
#11 /home/max/www/logunovasv/framework/web/CController.php(265): CController->runActionWithFilters(Object(CInlineAction), Array)
#12 /home/max/www/logunovasv/framework/web/CWebApplication.php(282): CController->run('view')
#13 /home/max/www/logunovasv/framework/web/CWebApplication.php(141): CWebApplication->runController('user/view')
#14 /home/max/www/logunovasv/framework/base/CApplication.php(184): CWebApplication->processRequest()
#15 /home/max/www/logunovasv/index.php(13): CApplication->run()
#16 {main}
REQUEST_URI=/index.php?r=user/view&id=admin
HTTP_REFERER=http://logunovasv/index.php?r=user/view&id=admin
---
2015/11/27 08:42:12 [error] [exception.CHttpException.404] exception 'CHttpException' with message 'The requested page does not exist.' in /home/max/www/logunovasv/protected/controllers/UserController.php:165
Stack trace:
#0 /home/max/www/logunovasv/protected/controllers/UserController.php(55): UserController->loadModel('')
#1 [internal function]: UserController->actionView('')
#2 /home/max/www/logunovasv/framework/web/actions/CAction.php(109): ReflectionMethod->invokeArgs(Object(UserController), Array)
#3 /home/max/www/logunovasv/framework/web/actions/CInlineAction.php(47): CAction->runWithParamsInternal(Object(UserController), Object(ReflectionMethod), Array)
#4 /home/max/www/logunovasv/framework/web/CController.php(308): CInlineAction->runWithParams(Array)
#5 /home/max/www/logunovasv/framework/web/filters/CFilterChain.php(133): CController->runAction(Object(CInlineAction))
#6 /home/max/www/logunovasv/framework/web/filters/CFilter.php(40): CFilterChain->run()
#7 /home/max/www/logunovasv/framework/web/CController.php(1145): CFilter->filter(Object(CFilterChain))
#8 /home/max/www/logunovasv/framework/web/filters/CInlineFilter.php(58): CController->filterAccessControl(Object(CFilterChain))
#9 /home/max/www/logunovasv/framework/web/filters/CFilterChain.php(130): CInlineFilter->filter(Object(CFilterChain))
#10 /home/max/www/logunovasv/framework/web/CController.php(291): CFilterChain->run()
#11 /home/max/www/logunovasv/framework/web/CController.php(265): CController->runActionWithFilters(Object(CInlineAction), Array)
#12 /home/max/www/logunovasv/framework/web/CWebApplication.php(282): CController->run('view')
#13 /home/max/www/logunovasv/framework/web/CWebApplication.php(141): CWebApplication->runController('user/view')
#14 /home/max/www/logunovasv/framework/base/CApplication.php(184): CWebApplication->processRequest()
#15 /home/max/www/logunovasv/index.php(13): CApplication->run()
#16 {main}
REQUEST_URI=/index.php?r=user/view&id=
HTTP_REFERER=http://logunovasv/index.php
---
